<?xml version="1.0" encoding="UTF-8"?>
<!-- Generated by org.testng.reporters.JUnitReportReporter -->
<testsuite skipped="0" hostname="Maroposts-iMac.local" name="TC1" tests="1" failures="0" timestamp="08 Jun 2017 14:08:51 GMT" time="14.380" errors="0">
  <testcase name="OpenAUT" time="14.380" classname="TC1"/>
</testsuite> <!-- TC1 -->
