<?xml version="1.0" encoding="UTF-8"?>
<!-- Generated by org.testng.reporters.JUnitReportReporter -->
<testsuite skipped="0" hostname="Maroposts-iMac-5.local" name="tests.MaropostEmailCampaignsTestCases" tests="9" failures="0" timestamp="17 Jul 2017 11:13:25 GMT" time="1403.526" errors="0">
  <testcase name="test_to_delete_campaign" time="84.065" classname="tests.MaropostEmailCampaignsTestCases"/>
  <testcase name="test_click_on_new_campaign_schedule_priority_without_Date" time="214.413" classname="tests.MaropostEmailCampaignsTestCases"/>
  <testcase name="test_verify_signin_section" time="93.988" classname="tests.MaropostEmailCampaignsTestCases"/>
  <testcase name="test_to_edit_campaign" time="180.005" classname="tests.MaropostEmailCampaignsTestCases"/>
  <testcase name="test_create_new_AB_campaign" time="209.544" classname="tests.MaropostEmailCampaignsTestCases"/>
  <testcase name="test_click_on_new_campaign_tag" time="72.837" classname="tests.MaropostEmailCampaignsTestCases"/>
  <testcase name="test_click_on_new_campaign_schedule_priority" time="295.722" classname="tests.MaropostEmailCampaignsTestCases"/>
  <testcase name="test_click_on_new_campaign_tag_without_name" time="14.912" classname="tests.MaropostEmailCampaignsTestCases"/>
  <testcase name="test_click_on_new_campaign_schedule_recurring" time="238.040" classname="tests.MaropostEmailCampaignsTestCases"/>
</testsuite> <!-- tests.MaropostEmailCampaignsTestCases -->
