<?xml version="1.0" encoding="UTF-8"?>
<!-- Generated by org.testng.reporters.JUnitReportReporter -->
<testsuite skipped="0" hostname="Maroposts-iMac-5.local" name="tests.TestNGDefaultReport" tests="1" failures="0" timestamp="28 Jun 2017 07:52:54 GMT" time="4.802" errors="0">
  <testcase name="cars" time="4.802" classname="tests.TestNGDefaultReport"/>
</testsuite> <!-- tests.TestNGDefaultReport -->
