<?xml version="1.0" encoding="UTF-8"?>
<!-- Generated by org.testng.reporters.JUnitReportReporter -->
<testsuite skipped="0" hostname="Maroposts-iMac-5.local" name="tests.MaropostEmailContactsTestCases" tests="21" failures="0" timestamp="18 Jul 2017 08:29:55 GMT" time="3244.448" errors="0">
  <testcase name="test_create_new_contacts_secure_list" time="166.215" classname="tests.MaropostEmailContactsTestCases"/>
  <testcase name="test_to_delete_contacts_securelist" time="82.225" classname="tests.MaropostEmailContactsTestCases"/>
  <testcase name="test_create_new_contacts_preference_page" time="250.295" classname="tests.MaropostEmailContactsTestCases"/>
  <testcase name="test_to_edit_contacts_preference_page" time="240.688" classname="tests.MaropostEmailContactsTestCases"/>
  <testcase name="test_to_edit_contacts_secure_list" time="239.443" classname="tests.MaropostEmailContactsTestCases"/>
  <testcase name="test_create_new_contacts_sqlquery" time="239.776" classname="tests.MaropostEmailContactsTestCases"/>
  <testcase name="test_to_edit_contacts_sql_query" time="240.111" classname="tests.MaropostEmailContactsTestCases"/>
  <testcase name="test_create_new_contacts_list" time="94.701" classname="tests.MaropostEmailContactsTestCases"/>
  <testcase name="test_to_delete_contacts_table" time="82.533" classname="tests.MaropostEmailContactsTestCases"/>
  <testcase name="test_to_delete_contacts_list" time="72.471" classname="tests.MaropostEmailContactsTestCases"/>
  <testcase name="test_create_new_contacts_tag" time="89.863" classname="tests.MaropostEmailContactsTestCases"/>
  <testcase name="test_to_edit_contacts_list" time="145.087" classname="tests.MaropostEmailContactsTestCases"/>
  <testcase name="test_verify_signin_section" time="69.162" classname="tests.MaropostEmailContactsTestCases"/>
  <testcase name="test_to_edit_contacts_brand" time="169.842" classname="tests.MaropostEmailContactsTestCases"/>
  <testcase name="test_create_new_contacts_table" time="240.158" classname="tests.MaropostEmailContactsTestCases"/>
  <testcase name="test_to_edit_contacts_table" time="240.031" classname="tests.MaropostEmailContactsTestCases"/>
  <testcase name="test_create_new_contacts_field" time="165.597" classname="tests.MaropostEmailContactsTestCases"/>
  <testcase name="test_to_delete_contacts_tag" time="82.819" classname="tests.MaropostEmailContactsTestCases"/>
  <testcase name="test_to_delete_contacts_preference_page" time="82.241" classname="tests.MaropostEmailContactsTestCases"/>
  <testcase name="test_create_new_contacts_brand" time="168.335" classname="tests.MaropostEmailContactsTestCases"/>
  <testcase name="test_to_delete_contacts_sql_query" time="82.855" classname="tests.MaropostEmailContactsTestCases"/>
</testsuite> <!-- tests.MaropostEmailContactsTestCases -->
