<?xml version="1.0" encoding="UTF-8"?>
<!-- Generated by org.testng.reporters.JUnitReportReporter -->
<testsuite skipped="0" hostname="Maroposts-iMac-5.local" name="tests.TestDemoWebAppSingInSection" tests="2" failures="0" timestamp="22 Jun 2017 14:32:30 GMT" time="217.990" errors="0">
  <testcase name="test_verify_signin_section" time="60.736" classname="tests.TestDemoWebAppSingInSection"/>
  <testcase name="test_click_on_new_campaign" time="157.254" classname="tests.TestDemoWebAppSingInSection"/>
</testsuite> <!-- tests.TestDemoWebAppSingInSection -->
