<?xml version="1.0" encoding="UTF-8"?>
<!-- Generated by org.testng.reporters.JUnitReportReporter -->
<testsuite skipped="0" hostname="Maroposts-iMac-5.local" name="tests.MaropostEmailSegmentsTestCases" tests="5" failures="0" timestamp="18 Jul 2017 11:58:54 GMT" time="488.701" errors="0">
  <testcase name="test_to_create_on_new_segment" time="116.224" classname="tests.MaropostEmailSegmentsTestCases"/>
  <testcase name="test_verify_signin_section" time="73.461" classname="tests.MaropostEmailSegmentsTestCases"/>
  <testcase name="test_to_duplicate_segment" time="126.811" classname="tests.MaropostEmailSegmentsTestCases"/>
  <testcase name="test_to_edit_segment" time="128.669" classname="tests.MaropostEmailSegmentsTestCases"/>
  <testcase name="test_to_delete_segment" time="43.536" classname="tests.MaropostEmailSegmentsTestCases"/>
</testsuite> <!-- tests.MaropostEmailSegmentsTestCases -->
