<?xml version="1.0" encoding="UTF-8"?>
<!-- Generated by org.testng.reporters.JUnitReportReporter -->
<testsuite skipped="0" hostname="Maroposts-iMac-5.local" name="mypkg.TC1" tests="2" failures="0" timestamp="16 Jun 2017 07:03:30 GMT" time="11.508" errors="0">
  <testcase name="checkFail" time="0.022" classname="mypkg.TC1"/>
  <testcase name="checkHome" time="11.486" classname="mypkg.TC1"/>
</testsuite> <!-- mypkg.TC1 -->
