<?xml version="1.0" encoding="UTF-8"?>
<!-- Generated by org.testng.reporters.JUnitReportReporter -->
<testsuite skipped="0" hostname="Maroposts-iMac-5.local" name="abctest.abcclasstest" tests="1" failures="0" timestamp="14 Jun 2017 10:25:52 GMT" time="0.015" errors="0">
  <testcase name="stepLogsGeneration" time="0.015" classname="abctest.abcclasstest"/>
</testsuite> <!-- abctest.abcclasstest -->
